CRITICAL - 2021-11-11 06:04:50 --> Invalid file: headers.php
#0 C:\xampp\htdocs\taskapp\system\View\View.php(198): CodeIgniter\Exceptions\FrameworkException::forInvalidFile('headers.php')
#1 C:\xampp\htdocs\taskapp\system\View\View.php(432): CodeIgniter\View\View->render('headers', NULL, true)
#2 C:\xampp\htdocs\taskapp\app\Views\Tasks\index.php(1): CodeIgniter\View\View->include('headers')
#3 C:\xampp\htdocs\taskapp\system\View\View.php(214): include('C:\\xampp\\htdocs...')
#4 C:\xampp\htdocs\taskapp\system\View\View.php(217): CodeIgniter\View\View->CodeIgniter\View\{closure}()
#5 C:\xampp\htdocs\taskapp\system\Common.php(1097): CodeIgniter\View\View->render('Tasks/index', Array, true)
#6 C:\xampp\htdocs\taskapp\app\Controllers\Tasks.php(7): view('Tasks/index')
#7 C:\xampp\htdocs\taskapp\system\CodeIgniter.php(824): App\Controllers\Tasks->index()
#8 C:\xampp\htdocs\taskapp\system\CodeIgniter.php(410): CodeIgniter\CodeIgniter->runController(Object(App\Controllers\Tasks))
#9 C:\xampp\htdocs\taskapp\system\CodeIgniter.php(318): CodeIgniter\CodeIgniter->handleRequest(NULL, Object(Config\Cache), false)
#10 C:\xampp\htdocs\taskapp\public\index.php(37): CodeIgniter\CodeIgniter->run()
#11 {main}
CRITICAL - 2021-11-11 06:31:33 --> Call to undefined method CodeIgniter\View\View::extends()
#0 C:\xampp\htdocs\taskapp\system\View\View.php(214): include()
#1 C:\xampp\htdocs\taskapp\system\View\View.php(217): CodeIgniter\View\View->CodeIgniter\View\{closure}()
#2 C:\xampp\htdocs\taskapp\system\Common.php(1097): CodeIgniter\View\View->render('Home/index', Array, true)
#3 C:\xampp\htdocs\taskapp\app\Controllers\Home.php(7): view('Home/index')
#4 C:\xampp\htdocs\taskapp\system\CodeIgniter.php(824): App\Controllers\Home->index()
#5 C:\xampp\htdocs\taskapp\system\CodeIgniter.php(410): CodeIgniter\CodeIgniter->runController(Object(App\Controllers\Home))
#6 C:\xampp\htdocs\taskapp\system\CodeIgniter.php(318): CodeIgniter\CodeIgniter->handleRequest(NULL, Object(Config\Cache), false)
#7 C:\xampp\htdocs\taskapp\public\index.php(37): CodeIgniter\CodeIgniter->run()
#8 {main}
CRITICAL - 2021-11-11 14:02:05 --> Invalid argument supplied for foreach()
#0 C:\xampp\htdocs\taskapp\app\Views\Tasks\index.php(11): CodeIgniter\Debug\Exceptions->errorHandler(2, 'Invalid argumen...', 'C:\\xampp\\htdocs...', 11, Array)
#1 C:\xampp\htdocs\taskapp\system\View\View.php(214): include('C:\\xampp\\htdocs...')
#2 C:\xampp\htdocs\taskapp\system\View\View.php(217): CodeIgniter\View\View->CodeIgniter\View\{closure}()
#3 C:\xampp\htdocs\taskapp\system\Common.php(1097): CodeIgniter\View\View->render('Tasks/index', Array, true)
#4 C:\xampp\htdocs\taskapp\app\Controllers\Tasks.php(11): view('Tasks/index', Array)
#5 C:\xampp\htdocs\taskapp\system\CodeIgniter.php(824): App\Controllers\Tasks->index()
#6 C:\xampp\htdocs\taskapp\system\CodeIgniter.php(410): CodeIgniter\CodeIgniter->runController(Object(App\Controllers\Tasks))
#7 C:\xampp\htdocs\taskapp\system\CodeIgniter.php(318): CodeIgniter\CodeIgniter->handleRequest(NULL, Object(Config\Cache), false)
#8 C:\xampp\htdocs\taskapp\public\index.php(37): CodeIgniter\CodeIgniter->run()
#9 {main}
CRITICAL - 2021-11-11 14:04:57 --> Invalid argument supplied for foreach()
#0 C:\xampp\htdocs\taskapp\app\Views\Tasks\index.php(11): CodeIgniter\Debug\Exceptions->errorHandler(2, 'Invalid argumen...', 'C:\\xampp\\htdocs...', 11, Array)
#1 C:\xampp\htdocs\taskapp\system\View\View.php(214): include('C:\\xampp\\htdocs...')
#2 C:\xampp\htdocs\taskapp\system\View\View.php(217): CodeIgniter\View\View->CodeIgniter\View\{closure}()
#3 C:\xampp\htdocs\taskapp\system\Common.php(1097): CodeIgniter\View\View->render('Tasks/index', Array, true)
#4 C:\xampp\htdocs\taskapp\app\Controllers\Tasks.php(11): view('Tasks/index', Array)
#5 C:\xampp\htdocs\taskapp\system\CodeIgniter.php(824): App\Controllers\Tasks->index()
#6 C:\xampp\htdocs\taskapp\system\CodeIgniter.php(410): CodeIgniter\CodeIgniter->runController(Object(App\Controllers\Tasks))
#7 C:\xampp\htdocs\taskapp\system\CodeIgniter.php(318): CodeIgniter\CodeIgniter->handleRequest(NULL, Object(Config\Cache), false)
#8 C:\xampp\htdocs\taskapp\public\index.php(37): CodeIgniter\CodeIgniter->run()
#9 {main}
CRITICAL - 2021-11-11 14:05:30 --> Invalid argument supplied for foreach()
#0 C:\xampp\htdocs\taskapp\app\Views\Tasks\index.php(11): CodeIgniter\Debug\Exceptions->errorHandler(2, 'Invalid argumen...', 'C:\\xampp\\htdocs...', 11, Array)
#1 C:\xampp\htdocs\taskapp\system\View\View.php(214): include('C:\\xampp\\htdocs...')
#2 C:\xampp\htdocs\taskapp\system\View\View.php(217): CodeIgniter\View\View->CodeIgniter\View\{closure}()
#3 C:\xampp\htdocs\taskapp\system\Common.php(1097): CodeIgniter\View\View->render('Tasks/index', Array, true)
#4 C:\xampp\htdocs\taskapp\app\Controllers\Tasks.php(11): view('Tasks/index', Array)
#5 C:\xampp\htdocs\taskapp\system\CodeIgniter.php(824): App\Controllers\Tasks->index()
#6 C:\xampp\htdocs\taskapp\system\CodeIgniter.php(410): CodeIgniter\CodeIgniter->runController(Object(App\Controllers\Tasks))
#7 C:\xampp\htdocs\taskapp\system\CodeIgniter.php(318): CodeIgniter\CodeIgniter->handleRequest(NULL, Object(Config\Cache), false)
#8 C:\xampp\htdocs\taskapp\public\index.php(37): CodeIgniter\CodeIgniter->run()
#9 {main}
CRITICAL - 2021-11-11 14:08:48 --> Invalid argument supplied for foreach()
#0 C:\xampp\htdocs\taskapp\app\Views\Tasks\index.php(11): CodeIgniter\Debug\Exceptions->errorHandler(2, 'Invalid argumen...', 'C:\\xampp\\htdocs...', 11, Array)
#1 C:\xampp\htdocs\taskapp\system\View\View.php(214): include('C:\\xampp\\htdocs...')
#2 C:\xampp\htdocs\taskapp\system\View\View.php(217): CodeIgniter\View\View->CodeIgniter\View\{closure}()
#3 C:\xampp\htdocs\taskapp\system\Common.php(1097): CodeIgniter\View\View->render('Tasks/index', Array, true)
#4 C:\xampp\htdocs\taskapp\app\Controllers\Tasks.php(13): view('Tasks/index', Array)
#5 C:\xampp\htdocs\taskapp\system\CodeIgniter.php(824): App\Controllers\Tasks->index()
#6 C:\xampp\htdocs\taskapp\system\CodeIgniter.php(410): CodeIgniter\CodeIgniter->runController(Object(App\Controllers\Tasks))
#7 C:\xampp\htdocs\taskapp\system\CodeIgniter.php(318): CodeIgniter\CodeIgniter->handleRequest(NULL, Object(Config\Cache), false)
#8 C:\xampp\htdocs\taskapp\public\index.php(37): CodeIgniter\CodeIgniter->run()
#9 {main}
CRITICAL - 2021-11-11 14:10:07 --> Invalid argument supplied for foreach()
#0 C:\xampp\htdocs\taskapp\app\Views\Tasks\index.php(11): CodeIgniter\Debug\Exceptions->errorHandler(2, 'Invalid argumen...', 'C:\\xampp\\htdocs...', 11, Array)
#1 C:\xampp\htdocs\taskapp\system\View\View.php(214): include('C:\\xampp\\htdocs...')
#2 C:\xampp\htdocs\taskapp\system\View\View.php(217): CodeIgniter\View\View->CodeIgniter\View\{closure}()
#3 C:\xampp\htdocs\taskapp\system\Common.php(1097): CodeIgniter\View\View->render('Tasks/index', Array, true)
#4 C:\xampp\htdocs\taskapp\app\Controllers\Tasks.php(13): view('Tasks/index', Array)
#5 C:\xampp\htdocs\taskapp\system\CodeIgniter.php(824): App\Controllers\Tasks->index()
#6 C:\xampp\htdocs\taskapp\system\CodeIgniter.php(410): CodeIgniter\CodeIgniter->runController(Object(App\Controllers\Tasks))
#7 C:\xampp\htdocs\taskapp\system\CodeIgniter.php(318): CodeIgniter\CodeIgniter->handleRequest(NULL, Object(Config\Cache), false)
#8 C:\xampp\htdocs\taskapp\public\index.php(37): CodeIgniter\CodeIgniter->run()
#9 {main}
CRITICAL - 2021-11-11 14:11:32 --> Invalid argument supplied for foreach()
#0 C:\xampp\htdocs\taskapp\app\Views\Tasks\index.php(11): CodeIgniter\Debug\Exceptions->errorHandler(2, 'Invalid argumen...', 'C:\\xampp\\htdocs...', 11, Array)
#1 C:\xampp\htdocs\taskapp\system\View\View.php(214): include('C:\\xampp\\htdocs...')
#2 C:\xampp\htdocs\taskapp\system\View\View.php(217): CodeIgniter\View\View->CodeIgniter\View\{closure}()
#3 C:\xampp\htdocs\taskapp\system\Common.php(1097): CodeIgniter\View\View->render('Tasks/index', Array, true)
#4 C:\xampp\htdocs\taskapp\app\Controllers\Tasks.php(13): view('Tasks/index', Array)
#5 C:\xampp\htdocs\taskapp\system\CodeIgniter.php(824): App\Controllers\Tasks->index()
#6 C:\xampp\htdocs\taskapp\system\CodeIgniter.php(410): CodeIgniter\CodeIgniter->runController(Object(App\Controllers\Tasks))
#7 C:\xampp\htdocs\taskapp\system\CodeIgniter.php(318): CodeIgniter\CodeIgniter->handleRequest(NULL, Object(Config\Cache), false)
#8 C:\xampp\htdocs\taskapp\public\index.php(37): CodeIgniter\CodeIgniter->run()
#9 {main}
CRITICAL - 2021-11-11 14:19:20 --> Call to undefined method CodeIgniter\View\View::sectio()
#0 C:\xampp\htdocs\taskapp\system\View\View.php(214): include()
#1 C:\xampp\htdocs\taskapp\system\View\View.php(217): CodeIgniter\View\View->CodeIgniter\View\{closure}()
#2 C:\xampp\htdocs\taskapp\system\Common.php(1097): CodeIgniter\View\View->render('Tasks/index', Array, true)
#3 C:\xampp\htdocs\taskapp\app\Controllers\Tasks.php(13): view('Tasks/index', Array)
#4 C:\xampp\htdocs\taskapp\system\CodeIgniter.php(824): App\Controllers\Tasks->index()
#5 C:\xampp\htdocs\taskapp\system\CodeIgniter.php(410): CodeIgniter\CodeIgniter->runController(Object(App\Controllers\Tasks))
#6 C:\xampp\htdocs\taskapp\system\CodeIgniter.php(318): CodeIgniter\CodeIgniter->handleRequest(NULL, Object(Config\Cache), false)
#7 C:\xampp\htdocs\taskapp\public\index.php(37): CodeIgniter\CodeIgniter->run()
#8 {main}
CRITICAL - 2021-11-11 14:20:12 --> Call to undefined method CodeIgniter\View\View::sectio()
#0 C:\xampp\htdocs\taskapp\system\View\View.php(214): include()
#1 C:\xampp\htdocs\taskapp\system\View\View.php(217): CodeIgniter\View\View->CodeIgniter\View\{closure}()
#2 C:\xampp\htdocs\taskapp\system\Common.php(1097): CodeIgniter\View\View->render('Tasks/index', Array, true)
#3 C:\xampp\htdocs\taskapp\app\Controllers\Tasks.php(13): view('Tasks/index', Array)
#4 C:\xampp\htdocs\taskapp\system\CodeIgniter.php(824): App\Controllers\Tasks->index()
#5 C:\xampp\htdocs\taskapp\system\CodeIgniter.php(410): CodeIgniter\CodeIgniter->runController(Object(App\Controllers\Tasks))
#6 C:\xampp\htdocs\taskapp\system\CodeIgniter.php(318): CodeIgniter\CodeIgniter->handleRequest(NULL, Object(Config\Cache), false)
#7 C:\xampp\htdocs\taskapp\public\index.php(37): CodeIgniter\CodeIgniter->run()
#8 {main}
CRITICAL - 2021-11-11 14:20:26 --> Call to undefined method CodeIgniter\View\View::sectio()
#0 C:\xampp\htdocs\taskapp\system\View\View.php(214): include()
#1 C:\xampp\htdocs\taskapp\system\View\View.php(217): CodeIgniter\View\View->CodeIgniter\View\{closure}()
#2 C:\xampp\htdocs\taskapp\system\Common.php(1097): CodeIgniter\View\View->render('Tasks/index', Array, true)
#3 C:\xampp\htdocs\taskapp\app\Controllers\Tasks.php(13): view('Tasks/index', Array)
#4 C:\xampp\htdocs\taskapp\system\CodeIgniter.php(824): App\Controllers\Tasks->index()
#5 C:\xampp\htdocs\taskapp\system\CodeIgniter.php(410): CodeIgniter\CodeIgniter->runController(Object(App\Controllers\Tasks))
#6 C:\xampp\htdocs\taskapp\system\CodeIgniter.php(318): CodeIgniter\CodeIgniter->handleRequest(NULL, Object(Config\Cache), false)
#7 C:\xampp\htdocs\taskapp\public\index.php(37): CodeIgniter\CodeIgniter->run()
#8 {main}
CRITICAL - 2021-11-11 14:24:26 --> Call to undefined method CodeIgniter\View\View::sectio()
#0 C:\xampp\htdocs\taskapp\system\View\View.php(214): include()
#1 C:\xampp\htdocs\taskapp\system\View\View.php(217): CodeIgniter\View\View->CodeIgniter\View\{closure}()
#2 C:\xampp\htdocs\taskapp\system\Common.php(1097): CodeIgniter\View\View->render('Tasks/index', Array, true)
#3 C:\xampp\htdocs\taskapp\app\Controllers\Tasks.php(13): view('Tasks/index', Array)
#4 C:\xampp\htdocs\taskapp\system\CodeIgniter.php(824): App\Controllers\Tasks->index()
#5 C:\xampp\htdocs\taskapp\system\CodeIgniter.php(410): CodeIgniter\CodeIgniter->runController(Object(App\Controllers\Tasks))
#6 C:\xampp\htdocs\taskapp\system\CodeIgniter.php(318): CodeIgniter\CodeIgniter->handleRequest(NULL, Object(Config\Cache), false)
#7 C:\xampp\htdocs\taskapp\public\index.php(37): CodeIgniter\CodeIgniter->run()
#8 {main}
CRITICAL - 2021-11-11 14:25:00 --> Call to undefined method CodeIgniter\View\View::sectio()
#0 C:\xampp\htdocs\taskapp\system\View\View.php(214): include()
#1 C:\xampp\htdocs\taskapp\system\View\View.php(217): CodeIgniter\View\View->CodeIgniter\View\{closure}()
#2 C:\xampp\htdocs\taskapp\system\Common.php(1097): CodeIgniter\View\View->render('Tasks/index', Array, true)
#3 C:\xampp\htdocs\taskapp\app\Controllers\Tasks.php(10): view('Tasks/index', Array)
#4 C:\xampp\htdocs\taskapp\system\CodeIgniter.php(824): App\Controllers\Tasks->index()
#5 C:\xampp\htdocs\taskapp\system\CodeIgniter.php(410): CodeIgniter\CodeIgniter->runController(Object(App\Controllers\Tasks))
#6 C:\xampp\htdocs\taskapp\system\CodeIgniter.php(318): CodeIgniter\CodeIgniter->handleRequest(NULL, Object(Config\Cache), false)
#7 C:\xampp\htdocs\taskapp\public\index.php(37): CodeIgniter\CodeIgniter->run()
#8 {main}
CRITICAL - 2021-11-11 14:27:31 --> Call to undefined method CodeIgniter\View\View::sectio()
#0 C:\xampp\htdocs\taskapp\system\View\View.php(214): include()
#1 C:\xampp\htdocs\taskapp\system\View\View.php(217): CodeIgniter\View\View->CodeIgniter\View\{closure}()
#2 C:\xampp\htdocs\taskapp\system\Common.php(1097): CodeIgniter\View\View->render('Tasks/index', Array, true)
#3 C:\xampp\htdocs\taskapp\app\Controllers\Tasks.php(13): view('Tasks/index', Array)
#4 C:\xampp\htdocs\taskapp\system\CodeIgniter.php(824): App\Controllers\Tasks->index()
#5 C:\xampp\htdocs\taskapp\system\CodeIgniter.php(410): CodeIgniter\CodeIgniter->runController(Object(App\Controllers\Tasks))
#6 C:\xampp\htdocs\taskapp\system\CodeIgniter.php(318): CodeIgniter\CodeIgniter->handleRequest(NULL, Object(Config\Cache), false)
#7 C:\xampp\htdocs\taskapp\public\index.php(37): CodeIgniter\CodeIgniter->run()
#8 {main}
