CRITICAL - 2021-11-10 14:28:30 --> Invalid file: Home/tasks.php
#0 C:\xampp\htdocs\taskapp\system\View\View.php(198): CodeIgniter\Exceptions\FrameworkException::forInvalidFile('Home/tasks.php')
#1 C:\xampp\htdocs\taskapp\system\Common.php(1097): CodeIgniter\View\View->render('Home/tasks', Array, true)
#2 C:\xampp\htdocs\taskapp\app\Controllers\Tasks.php(7): view('Home/tasks')
#3 C:\xampp\htdocs\taskapp\system\CodeIgniter.php(824): App\Controllers\Tasks->index()
#4 C:\xampp\htdocs\taskapp\system\CodeIgniter.php(410): CodeIgniter\CodeIgniter->runController(Object(App\Controllers\Tasks))
#5 C:\xampp\htdocs\taskapp\system\CodeIgniter.php(318): CodeIgniter\CodeIgniter->handleRequest(NULL, Object(Config\Cache), false)
#6 C:\xampp\htdocs\taskapp\public\index.php(37): CodeIgniter\CodeIgniter->run()
#7 {main}
CRITICAL - 2021-11-10 14:30:36 --> Invalid file: Home/tasks.php
#0 C:\xampp\htdocs\taskapp\system\View\View.php(198): CodeIgniter\Exceptions\FrameworkException::forInvalidFile('Home/tasks.php')
#1 C:\xampp\htdocs\taskapp\system\Common.php(1097): CodeIgniter\View\View->render('Home/tasks', Array, true)
#2 C:\xampp\htdocs\taskapp\app\Controllers\Tasks.php(7): view('Home/tasks')
#3 C:\xampp\htdocs\taskapp\system\CodeIgniter.php(824): App\Controllers\Tasks->index()
#4 C:\xampp\htdocs\taskapp\system\CodeIgniter.php(410): CodeIgniter\CodeIgniter->runController(Object(App\Controllers\Tasks))
#5 C:\xampp\htdocs\taskapp\system\CodeIgniter.php(318): CodeIgniter\CodeIgniter->handleRequest(NULL, Object(Config\Cache), false)
#6 C:\xampp\htdocs\taskapp\public\index.php(37): CodeIgniter\CodeIgniter->run()
#7 {main}
CRITICAL - 2021-11-10 14:30:40 --> Invalid file: Home/task.php
#0 C:\xampp\htdocs\taskapp\system\View\View.php(198): CodeIgniter\Exceptions\FrameworkException::forInvalidFile('Home/task.php')
#1 C:\xampp\htdocs\taskapp\system\Common.php(1097): CodeIgniter\View\View->render('Home/task', Array, true)
#2 C:\xampp\htdocs\taskapp\app\Controllers\Tasks.php(7): view('Home/task')
#3 C:\xampp\htdocs\taskapp\system\CodeIgniter.php(824): App\Controllers\Tasks->index()
#4 C:\xampp\htdocs\taskapp\system\CodeIgniter.php(410): CodeIgniter\CodeIgniter->runController(Object(App\Controllers\Tasks))
#5 C:\xampp\htdocs\taskapp\system\CodeIgniter.php(318): CodeIgniter\CodeIgniter->handleRequest(NULL, Object(Config\Cache), false)
#6 C:\xampp\htdocs\taskapp\public\index.php(37): CodeIgniter\CodeIgniter->run()
#7 {main}
