ERROR - 2021-11-21 11:03:10 --> Error connecting to the database: No connection could be made because the target machine actively refused it.

CRITICAL - 2021-11-21 11:03:10 --> Unable to connect to the database.
Main connection [MySQLi]: No connection could be made because the target machine actively refused it.

#0 C:\xampp\htdocs\taskapp\system\Database\BaseConnection.php(577): CodeIgniter\Database\BaseConnection->initialize()
#1 C:\xampp\htdocs\taskapp\system\Database\BaseBuilder.php(1443): CodeIgniter\Database\BaseConnection->query('SELECT *\nFROM `...', Array, false)
#2 C:\xampp\htdocs\taskapp\system\Model.php(210): CodeIgniter\Database\BaseBuilder->get()
#3 C:\xampp\htdocs\taskapp\system\BaseModel.php(622): CodeIgniter\Model->doFirst()
#4 C:\xampp\htdocs\taskapp\app\Libraries\Authentication.php(12): CodeIgniter\BaseModel->first()
#5 C:\xampp\htdocs\taskapp\app\Controllers\Login.php(19): App\libraries\Authentication->login('asdswws', 'assa')
#6 C:\xampp\htdocs\taskapp\system\CodeIgniter.php(824): App\Controllers\Login->create()
#7 C:\xampp\htdocs\taskapp\system\CodeIgniter.php(410): CodeIgniter\CodeIgniter->runController(Object(App\Controllers\Login))
#8 C:\xampp\htdocs\taskapp\system\CodeIgniter.php(318): CodeIgniter\CodeIgniter->handleRequest(NULL, Object(Config\Cache), false)
#9 C:\xampp\htdocs\taskapp\public\index.php(37): CodeIgniter\CodeIgniter->run()
#10 {main}
CRITICAL - 2021-11-21 11:17:04 --> Use of undefined constant current_user - assumed 'current_user' (this will throw an Error in a future version of PHP)
#0 C:\xampp\htdocs\taskapp\app\Views\home\index.php(11): CodeIgniter\Debug\Exceptions->errorHandler(2, 'Use of undefine...', 'C:\\xampp\\htdocs...', 11, Array)
#1 C:\xampp\htdocs\taskapp\system\View\View.php(214): include('C:\\xampp\\htdocs...')
#2 C:\xampp\htdocs\taskapp\system\View\View.php(217): CodeIgniter\View\View->CodeIgniter\View\{closure}()
#3 C:\xampp\htdocs\taskapp\system\Common.php(1097): CodeIgniter\View\View->render('Home/index', Array, true)
#4 C:\xampp\htdocs\taskapp\app\Controllers\Home.php(7): view('Home/index')
#5 C:\xampp\htdocs\taskapp\system\CodeIgniter.php(824): App\Controllers\Home->index()
#6 C:\xampp\htdocs\taskapp\system\CodeIgniter.php(410): CodeIgniter\CodeIgniter->runController(Object(App\Controllers\Home))
#7 C:\xampp\htdocs\taskapp\system\CodeIgniter.php(318): CodeIgniter\CodeIgniter->handleRequest(NULL, Object(Config\Cache), false)
#8 C:\xampp\htdocs\taskapp\public\index.php(37): CodeIgniter\CodeIgniter->run()
#9 {main}
CRITICAL - 2021-11-21 11:30:43 --> Class 'Config\App\Libraries\Authentication' not found
#0 C:\xampp\htdocs\taskapp\system\Config\BaseService.php(189): Config\Services::auth(false)
#1 C:\xampp\htdocs\taskapp\app\Config\Services.php(26): CodeIgniter\Config\BaseService::getSharedInstance('auth')
#2 C:\xampp\htdocs\taskapp\app\Controllers\Login.php(17): Config\Services::auth()
#3 C:\xampp\htdocs\taskapp\system\CodeIgniter.php(824): App\Controllers\Login->create()
#4 C:\xampp\htdocs\taskapp\system\CodeIgniter.php(410): CodeIgniter\CodeIgniter->runController(Object(App\Controllers\Login))
#5 C:\xampp\htdocs\taskapp\system\CodeIgniter.php(318): CodeIgniter\CodeIgniter->handleRequest(NULL, Object(Config\Cache), false)
#6 C:\xampp\htdocs\taskapp\public\index.php(37): CodeIgniter\CodeIgniter->run()
#7 {main}
CRITICAL - 2021-11-21 11:47:20 --> Undefined variable: email
#0 C:\xampp\htdocs\taskapp\app\Models\UserModel.php(51): CodeIgniter\Debug\Exceptions->errorHandler(8, 'Undefined varia...', 'C:\\xampp\\htdocs...', 51, Array)
#1 C:\xampp\htdocs\taskapp\app\Libraries\Authentication.php(11): App\Models\UserModel->findByEmail()
#2 C:\xampp\htdocs\taskapp\app\Controllers\Login.php(21): App\libraries\Authentication->login('Alabi@example.c...', 'cX27J0TD0FEm')
#3 C:\xampp\htdocs\taskapp\system\CodeIgniter.php(824): App\Controllers\Login->create()
#4 C:\xampp\htdocs\taskapp\system\CodeIgniter.php(410): CodeIgniter\CodeIgniter->runController(Object(App\Controllers\Login))
#5 C:\xampp\htdocs\taskapp\system\CodeIgniter.php(318): CodeIgniter\CodeIgniter->handleRequest(NULL, Object(Config\Cache), false)
#6 C:\xampp\htdocs\taskapp\public\index.php(37): CodeIgniter\CodeIgniter->run()
#7 {main}
CRITICAL - 2021-11-21 11:47:50 --> Undefined variable: email
#0 C:\xampp\htdocs\taskapp\app\Models\UserModel.php(51): CodeIgniter\Debug\Exceptions->errorHandler(8, 'Undefined varia...', 'C:\\xampp\\htdocs...', 51, Array)
#1 C:\xampp\htdocs\taskapp\app\Libraries\Authentication.php(11): App\Models\UserModel->findByEmail('Alabi@example.c...')
#2 C:\xampp\htdocs\taskapp\app\Controllers\Login.php(21): App\libraries\Authentication->login('Alabi@example.c...', 'cX27J0TD0FEm')
#3 C:\xampp\htdocs\taskapp\system\CodeIgniter.php(824): App\Controllers\Login->create()
#4 C:\xampp\htdocs\taskapp\system\CodeIgniter.php(410): CodeIgniter\CodeIgniter->runController(Object(App\Controllers\Login))
#5 C:\xampp\htdocs\taskapp\system\CodeIgniter.php(318): CodeIgniter\CodeIgniter->handleRequest(NULL, Object(Config\Cache), false)
#6 C:\xampp\htdocs\taskapp\public\index.php(37): CodeIgniter\CodeIgniter->run()
#7 {main}
CRITICAL - 2021-11-21 12:10:27 --> Undefined variable: user
#0 C:\xampp\htdocs\taskapp\app\Libraries\Authentication.php(48): CodeIgniter\Debug\Exceptions->errorHandler(8, 'Undefined varia...', 'C:\\xampp\\htdocs...', 48, Array)
#1 C:\xampp\htdocs\taskapp\app\Helpers\auth_helper.php(9): App\libraries\Authentication->getCurrentUser()
#2 C:\xampp\htdocs\taskapp\app\Views\home\index.php(11): current_user()
#3 C:\xampp\htdocs\taskapp\system\View\View.php(214): include('C:\\xampp\\htdocs...')
#4 C:\xampp\htdocs\taskapp\system\View\View.php(217): CodeIgniter\View\View->CodeIgniter\View\{closure}()
#5 C:\xampp\htdocs\taskapp\system\Common.php(1097): CodeIgniter\View\View->render('Home/index', Array, true)
#6 C:\xampp\htdocs\taskapp\app\Controllers\Home.php(7): view('Home/index')
#7 C:\xampp\htdocs\taskapp\system\CodeIgniter.php(824): App\Controllers\Home->index()
#8 C:\xampp\htdocs\taskapp\system\CodeIgniter.php(410): CodeIgniter\CodeIgniter->runController(Object(App\Controllers\Home))
#9 C:\xampp\htdocs\taskapp\system\CodeIgniter.php(318): CodeIgniter\CodeIgniter->handleRequest(NULL, Object(Config\Cache), false)
#10 C:\xampp\htdocs\taskapp\public\index.php(37): CodeIgniter\CodeIgniter->run()
#11 {main}
CRITICAL - 2021-11-21 12:10:58 --> Undefined variable: user
#0 C:\xampp\htdocs\taskapp\app\Libraries\Authentication.php(52): CodeIgniter\Debug\Exceptions->errorHandler(8, 'Undefined varia...', 'C:\\xampp\\htdocs...', 52, Array)
#1 C:\xampp\htdocs\taskapp\app\Helpers\auth_helper.php(9): App\libraries\Authentication->getCurrentUser()
#2 C:\xampp\htdocs\taskapp\app\Views\home\index.php(11): current_user()
#3 C:\xampp\htdocs\taskapp\system\View\View.php(214): include('C:\\xampp\\htdocs...')
#4 C:\xampp\htdocs\taskapp\system\View\View.php(217): CodeIgniter\View\View->CodeIgniter\View\{closure}()
#5 C:\xampp\htdocs\taskapp\system\Common.php(1097): CodeIgniter\View\View->render('Home/index', Array, true)
#6 C:\xampp\htdocs\taskapp\app\Controllers\Home.php(7): view('Home/index')
#7 C:\xampp\htdocs\taskapp\system\CodeIgniter.php(824): App\Controllers\Home->index()
#8 C:\xampp\htdocs\taskapp\system\CodeIgniter.php(410): CodeIgniter\CodeIgniter->runController(Object(App\Controllers\Home))
#9 C:\xampp\htdocs\taskapp\system\CodeIgniter.php(318): CodeIgniter\CodeIgniter->handleRequest(NULL, Object(Config\Cache), false)
#10 C:\xampp\htdocs\taskapp\public\index.php(37): CodeIgniter\CodeIgniter->run()
#11 {main}
CRITICAL - 2021-11-21 12:11:02 --> Undefined variable: user
#0 C:\xampp\htdocs\taskapp\app\Libraries\Authentication.php(52): CodeIgniter\Debug\Exceptions->errorHandler(8, 'Undefined varia...', 'C:\\xampp\\htdocs...', 52, Array)
#1 C:\xampp\htdocs\taskapp\app\Helpers\auth_helper.php(9): App\libraries\Authentication->getCurrentUser()
#2 C:\xampp\htdocs\taskapp\app\Views\home\index.php(11): current_user()
#3 C:\xampp\htdocs\taskapp\system\View\View.php(214): include('C:\\xampp\\htdocs...')
#4 C:\xampp\htdocs\taskapp\system\View\View.php(217): CodeIgniter\View\View->CodeIgniter\View\{closure}()
#5 C:\xampp\htdocs\taskapp\system\Common.php(1097): CodeIgniter\View\View->render('Home/index', Array, true)
#6 C:\xampp\htdocs\taskapp\app\Controllers\Home.php(7): view('Home/index')
#7 C:\xampp\htdocs\taskapp\system\CodeIgniter.php(824): App\Controllers\Home->index()
#8 C:\xampp\htdocs\taskapp\system\CodeIgniter.php(410): CodeIgniter\CodeIgniter->runController(Object(App\Controllers\Home))
#9 C:\xampp\htdocs\taskapp\system\CodeIgniter.php(318): CodeIgniter\CodeIgniter->handleRequest(NULL, Object(Config\Cache), false)
#10 C:\xampp\htdocs\taskapp\public\index.php(37): CodeIgniter\CodeIgniter->run()
#11 {main}
CRITICAL - 2021-11-21 15:51:53 --> Class 'CodeIgniter\Filters\login' not found
#0 C:\xampp\htdocs\taskapp\system\CodeIgniter.php(384): CodeIgniter\Filters\Filters->run('tasks/new', 'before')
#1 C:\xampp\htdocs\taskapp\system\CodeIgniter.php(318): CodeIgniter\CodeIgniter->handleRequest(NULL, Object(Config\Cache), false)
#2 C:\xampp\htdocs\taskapp\public\index.php(37): CodeIgniter\CodeIgniter->run()
#3 {main}
CRITICAL - 2021-11-21 15:52:38 --> Class 'Config\login' not found
#0 C:\xampp\htdocs\taskapp\system\CodeIgniter.php(384): CodeIgniter\Filters\Filters->run('tasks/new', 'before')
#1 C:\xampp\htdocs\taskapp\system\CodeIgniter.php(318): CodeIgniter\CodeIgniter->handleRequest(NULL, Object(Config\Cache), false)
#2 C:\xampp\htdocs\taskapp\public\index.php(37): CodeIgniter\CodeIgniter->run()
#3 {main}
CRITICAL - 2021-11-21 15:53:03 --> login filter must have a matching alias defined.
#0 C:\xampp\htdocs\taskapp\system\Filters\Filters.php(496): CodeIgniter\Filters\Exceptions\FilterException::forNoAlias('login')
#1 C:\xampp\htdocs\taskapp\system\Filters\Filters.php(243): CodeIgniter\Filters\Filters->processAliasesToClass('before')
#2 C:\xampp\htdocs\taskapp\system\Filters\Filters.php(163): CodeIgniter\Filters\Filters->initialize('tasks/new')
#3 C:\xampp\htdocs\taskapp\system\CodeIgniter.php(384): CodeIgniter\Filters\Filters->run('tasks/new', 'before')
#4 C:\xampp\htdocs\taskapp\system\CodeIgniter.php(318): CodeIgniter\CodeIgniter->handleRequest(NULL, Object(Config\Cache), false)
#5 C:\xampp\htdocs\taskapp\public\index.php(37): CodeIgniter\CodeIgniter->run()
#6 {main}
CRITICAL - 2021-11-21 15:53:33 --> Class 'CodeIgniter\Filters\login' not found
#0 C:\xampp\htdocs\taskapp\system\CodeIgniter.php(384): CodeIgniter\Filters\Filters->run('tasks/new', 'before')
#1 C:\xampp\htdocs\taskapp\system\CodeIgniter.php(318): CodeIgniter\CodeIgniter->handleRequest(NULL, Object(Config\Cache), false)
#2 C:\xampp\htdocs\taskapp\public\index.php(37): CodeIgniter\CodeIgniter->run()
#3 {main}
