CRITICAL - 2021-11-16 02:48:17 --> Undefined variable: task
#0 C:\xampp\htdocs\taskapp\app\Views\Tasks\form.php(4): CodeIgniter\Debug\Exceptions->errorHandler(8, 'Undefined varia...', 'C:\\xampp\\htdocs...', 4, Array)
#1 C:\xampp\htdocs\taskapp\system\View\View.php(214): include('C:\\xampp\\htdocs...')
#2 C:\xampp\htdocs\taskapp\system\View\View.php(217): CodeIgniter\View\View->CodeIgniter\View\{closure}()
#3 C:\xampp\htdocs\taskapp\system\View\View.php(432): CodeIgniter\View\View->render('Tasks/form', NULL, true)
#4 C:\xampp\htdocs\taskapp\app\Views\Tasks\new.php(25): CodeIgniter\View\View->include('Tasks/form')
#5 C:\xampp\htdocs\taskapp\system\View\View.php(214): include('C:\\xampp\\htdocs...')
#6 C:\xampp\htdocs\taskapp\system\View\View.php(217): CodeIgniter\View\View->CodeIgniter\View\{closure}()
#7 C:\xampp\htdocs\taskapp\system\Common.php(1097): CodeIgniter\View\View->render('Tasks/new', Array, true)
#8 C:\xampp\htdocs\taskapp\app\Controllers\Tasks.php(28): view('Tasks/new')
#9 C:\xampp\htdocs\taskapp\system\CodeIgniter.php(824): App\Controllers\Tasks->new()
#10 C:\xampp\htdocs\taskapp\system\CodeIgniter.php(410): CodeIgniter\CodeIgniter->runController(Object(App\Controllers\Tasks))
#11 C:\xampp\htdocs\taskapp\system\CodeIgniter.php(318): CodeIgniter\CodeIgniter->handleRequest(NULL, Object(Config\Cache), false)
#12 C:\xampp\htdocs\taskapp\public\index.php(37): CodeIgniter\CodeIgniter->run()
#13 {main}
CRITICAL - 2021-11-16 02:49:30 --> Illegal string offset 'description'
#0 C:\xampp\htdocs\taskapp\app\Views\Tasks\form.php(5): CodeIgniter\Debug\Exceptions->errorHandler(2, 'Illegal string ...', 'C:\\xampp\\htdocs...', 5, Array)
#1 C:\xampp\htdocs\taskapp\system\View\View.php(214): include('C:\\xampp\\htdocs...')
#2 C:\xampp\htdocs\taskapp\system\View\View.php(217): CodeIgniter\View\View->CodeIgniter\View\{closure}()
#3 C:\xampp\htdocs\taskapp\system\View\View.php(432): CodeIgniter\View\View->render('Tasks/form', NULL, true)
#4 C:\xampp\htdocs\taskapp\app\Views\Tasks\new.php(25): CodeIgniter\View\View->include('Tasks/form')
#5 C:\xampp\htdocs\taskapp\system\View\View.php(214): include('C:\\xampp\\htdocs...')
#6 C:\xampp\htdocs\taskapp\system\View\View.php(217): CodeIgniter\View\View->CodeIgniter\View\{closure}()
#7 C:\xampp\htdocs\taskapp\system\Common.php(1097): CodeIgniter\View\View->render('Tasks/new', Array, true)
#8 C:\xampp\htdocs\taskapp\app\Controllers\Tasks.php(28): view('Tasks/new')
#9 C:\xampp\htdocs\taskapp\system\CodeIgniter.php(824): App\Controllers\Tasks->new()
#10 C:\xampp\htdocs\taskapp\system\CodeIgniter.php(410): CodeIgniter\CodeIgniter->runController(Object(App\Controllers\Tasks))
#11 C:\xampp\htdocs\taskapp\system\CodeIgniter.php(318): CodeIgniter\CodeIgniter->handleRequest(NULL, Object(Config\Cache), false)
#12 C:\xampp\htdocs\taskapp\public\index.php(37): CodeIgniter\CodeIgniter->run()
#13 {main}
CRITICAL - 2021-11-16 02:49:32 --> Illegal string offset 'description'
#0 C:\xampp\htdocs\taskapp\app\Views\Tasks\form.php(5): CodeIgniter\Debug\Exceptions->errorHandler(2, 'Illegal string ...', 'C:\\xampp\\htdocs...', 5, Array)
#1 C:\xampp\htdocs\taskapp\system\View\View.php(214): include('C:\\xampp\\htdocs...')
#2 C:\xampp\htdocs\taskapp\system\View\View.php(217): CodeIgniter\View\View->CodeIgniter\View\{closure}()
#3 C:\xampp\htdocs\taskapp\system\View\View.php(432): CodeIgniter\View\View->render('Tasks/form', NULL, true)
#4 C:\xampp\htdocs\taskapp\app\Views\Tasks\new.php(25): CodeIgniter\View\View->include('Tasks/form')
#5 C:\xampp\htdocs\taskapp\system\View\View.php(214): include('C:\\xampp\\htdocs...')
#6 C:\xampp\htdocs\taskapp\system\View\View.php(217): CodeIgniter\View\View->CodeIgniter\View\{closure}()
#7 C:\xampp\htdocs\taskapp\system\Common.php(1097): CodeIgniter\View\View->render('Tasks/new', Array, true)
#8 C:\xampp\htdocs\taskapp\app\Controllers\Tasks.php(28): view('Tasks/new')
#9 C:\xampp\htdocs\taskapp\system\CodeIgniter.php(824): App\Controllers\Tasks->new()
#10 C:\xampp\htdocs\taskapp\system\CodeIgniter.php(410): CodeIgniter\CodeIgniter->runController(Object(App\Controllers\Tasks))
#11 C:\xampp\htdocs\taskapp\system\CodeIgniter.php(318): CodeIgniter\CodeIgniter->handleRequest(NULL, Object(Config\Cache), false)
#12 C:\xampp\htdocs\taskapp\public\index.php(37): CodeIgniter\CodeIgniter->run()
#13 {main}
CRITICAL - 2021-11-16 02:49:41 --> Illegal string offset 'description'
#0 C:\xampp\htdocs\taskapp\app\Views\Tasks\form.php(5): CodeIgniter\Debug\Exceptions->errorHandler(2, 'Illegal string ...', 'C:\\xampp\\htdocs...', 5, Array)
#1 C:\xampp\htdocs\taskapp\system\View\View.php(214): include('C:\\xampp\\htdocs...')
#2 C:\xampp\htdocs\taskapp\system\View\View.php(217): CodeIgniter\View\View->CodeIgniter\View\{closure}()
#3 C:\xampp\htdocs\taskapp\system\View\View.php(432): CodeIgniter\View\View->render('Tasks/form', NULL, true)
#4 C:\xampp\htdocs\taskapp\app\Views\Tasks\new.php(25): CodeIgniter\View\View->include('Tasks/form')
#5 C:\xampp\htdocs\taskapp\system\View\View.php(214): include('C:\\xampp\\htdocs...')
#6 C:\xampp\htdocs\taskapp\system\View\View.php(217): CodeIgniter\View\View->CodeIgniter\View\{closure}()
#7 C:\xampp\htdocs\taskapp\system\Common.php(1097): CodeIgniter\View\View->render('Tasks/new', Array, true)
#8 C:\xampp\htdocs\taskapp\app\Controllers\Tasks.php(28): view('Tasks/new')
#9 C:\xampp\htdocs\taskapp\system\CodeIgniter.php(824): App\Controllers\Tasks->new()
#10 C:\xampp\htdocs\taskapp\system\CodeIgniter.php(410): CodeIgniter\CodeIgniter->runController(Object(App\Controllers\Tasks))
#11 C:\xampp\htdocs\taskapp\system\CodeIgniter.php(318): CodeIgniter\CodeIgniter->handleRequest(NULL, Object(Config\Cache), false)
#12 C:\xampp\htdocs\taskapp\public\index.php(37): CodeIgniter\CodeIgniter->run()
#13 {main}
CRITICAL - 2021-11-16 02:49:48 --> Illegal string offset ''
#0 C:\xampp\htdocs\taskapp\app\Views\Tasks\form.php(5): CodeIgniter\Debug\Exceptions->errorHandler(2, 'Illegal string ...', 'C:\\xampp\\htdocs...', 5, Array)
#1 C:\xampp\htdocs\taskapp\system\View\View.php(214): include('C:\\xampp\\htdocs...')
#2 C:\xampp\htdocs\taskapp\system\View\View.php(217): CodeIgniter\View\View->CodeIgniter\View\{closure}()
#3 C:\xampp\htdocs\taskapp\system\View\View.php(432): CodeIgniter\View\View->render('Tasks/form', NULL, true)
#4 C:\xampp\htdocs\taskapp\app\Views\Tasks\new.php(25): CodeIgniter\View\View->include('Tasks/form')
#5 C:\xampp\htdocs\taskapp\system\View\View.php(214): include('C:\\xampp\\htdocs...')
#6 C:\xampp\htdocs\taskapp\system\View\View.php(217): CodeIgniter\View\View->CodeIgniter\View\{closure}()
#7 C:\xampp\htdocs\taskapp\system\Common.php(1097): CodeIgniter\View\View->render('Tasks/new', Array, true)
#8 C:\xampp\htdocs\taskapp\app\Controllers\Tasks.php(28): view('Tasks/new')
#9 C:\xampp\htdocs\taskapp\system\CodeIgniter.php(824): App\Controllers\Tasks->new()
#10 C:\xampp\htdocs\taskapp\system\CodeIgniter.php(410): CodeIgniter\CodeIgniter->runController(Object(App\Controllers\Tasks))
#11 C:\xampp\htdocs\taskapp\system\CodeIgniter.php(318): CodeIgniter\CodeIgniter->handleRequest(NULL, Object(Config\Cache), false)
#12 C:\xampp\htdocs\taskapp\public\index.php(37): CodeIgniter\CodeIgniter->run()
#13 {main}
CRITICAL - 2021-11-16 02:50:01 --> syntax error, unexpected ']'
#0 C:\xampp\htdocs\taskapp\system\View\View.php(217): CodeIgniter\View\View->CodeIgniter\View\{closure}()
#1 C:\xampp\htdocs\taskapp\system\View\View.php(432): CodeIgniter\View\View->render('Tasks/form', NULL, true)
#2 C:\xampp\htdocs\taskapp\app\Views\Tasks\new.php(25): CodeIgniter\View\View->include('Tasks/form')
#3 C:\xampp\htdocs\taskapp\system\View\View.php(214): include('C:\\xampp\\htdocs...')
#4 C:\xampp\htdocs\taskapp\system\View\View.php(217): CodeIgniter\View\View->CodeIgniter\View\{closure}()
#5 C:\xampp\htdocs\taskapp\system\Common.php(1097): CodeIgniter\View\View->render('Tasks/new', Array, true)
#6 C:\xampp\htdocs\taskapp\app\Controllers\Tasks.php(28): view('Tasks/new')
#7 C:\xampp\htdocs\taskapp\system\CodeIgniter.php(824): App\Controllers\Tasks->new()
#8 C:\xampp\htdocs\taskapp\system\CodeIgniter.php(410): CodeIgniter\CodeIgniter->runController(Object(App\Controllers\Tasks))
#9 C:\xampp\htdocs\taskapp\system\CodeIgniter.php(318): CodeIgniter\CodeIgniter->handleRequest(NULL, Object(Config\Cache), false)
#10 C:\xampp\htdocs\taskapp\public\index.php(37): CodeIgniter\CodeIgniter->run()
#11 {main}
CRITICAL - 2021-11-16 02:50:05 --> syntax error, unexpected ')', expecting ';' or ','
#0 C:\xampp\htdocs\taskapp\system\View\View.php(217): CodeIgniter\View\View->CodeIgniter\View\{closure}()
#1 C:\xampp\htdocs\taskapp\system\View\View.php(432): CodeIgniter\View\View->render('Tasks/form', NULL, true)
#2 C:\xampp\htdocs\taskapp\app\Views\Tasks\new.php(25): CodeIgniter\View\View->include('Tasks/form')
#3 C:\xampp\htdocs\taskapp\system\View\View.php(214): include('C:\\xampp\\htdocs...')
#4 C:\xampp\htdocs\taskapp\system\View\View.php(217): CodeIgniter\View\View->CodeIgniter\View\{closure}()
#5 C:\xampp\htdocs\taskapp\system\Common.php(1097): CodeIgniter\View\View->render('Tasks/new', Array, true)
#6 C:\xampp\htdocs\taskapp\app\Controllers\Tasks.php(28): view('Tasks/new')
#7 C:\xampp\htdocs\taskapp\system\CodeIgniter.php(824): App\Controllers\Tasks->new()
#8 C:\xampp\htdocs\taskapp\system\CodeIgniter.php(410): CodeIgniter\CodeIgniter->runController(Object(App\Controllers\Tasks))
#9 C:\xampp\htdocs\taskapp\system\CodeIgniter.php(318): CodeIgniter\CodeIgniter->handleRequest(NULL, Object(Config\Cache), false)
#10 C:\xampp\htdocs\taskapp\public\index.php(37): CodeIgniter\CodeIgniter->run()
#11 {main}
CRITICAL - 2021-11-16 02:50:20 --> Too few arguments to function old(), 0 passed in C:\xampp\htdocs\taskapp\app\Views\Tasks\form.php on line 5 and at least 1 expected
#0 C:\xampp\htdocs\taskapp\app\Views\Tasks\form.php(5): old()
#1 C:\xampp\htdocs\taskapp\system\View\View.php(214): include('C:\\xampp\\htdocs...')
#2 C:\xampp\htdocs\taskapp\system\View\View.php(217): CodeIgniter\View\View->CodeIgniter\View\{closure}()
#3 C:\xampp\htdocs\taskapp\system\View\View.php(432): CodeIgniter\View\View->render('Tasks/form', NULL, true)
#4 C:\xampp\htdocs\taskapp\app\Views\Tasks\new.php(25): CodeIgniter\View\View->include('Tasks/form')
#5 C:\xampp\htdocs\taskapp\system\View\View.php(214): include('C:\\xampp\\htdocs...')
#6 C:\xampp\htdocs\taskapp\system\View\View.php(217): CodeIgniter\View\View->CodeIgniter\View\{closure}()
#7 C:\xampp\htdocs\taskapp\system\Common.php(1097): CodeIgniter\View\View->render('Tasks/new', Array, true)
#8 C:\xampp\htdocs\taskapp\app\Controllers\Tasks.php(28): view('Tasks/new')
#9 C:\xampp\htdocs\taskapp\system\CodeIgniter.php(824): App\Controllers\Tasks->new()
#10 C:\xampp\htdocs\taskapp\system\CodeIgniter.php(410): CodeIgniter\CodeIgniter->runController(Object(App\Controllers\Tasks))
#11 C:\xampp\htdocs\taskapp\system\CodeIgniter.php(318): CodeIgniter\CodeIgniter->handleRequest(NULL, Object(Config\Cache), false)
#12 C:\xampp\htdocs\taskapp\public\index.php(37): CodeIgniter\CodeIgniter->run()
#13 {main}
CRITICAL - 2021-11-16 02:52:04 --> Undefined variable: task
#0 C:\xampp\htdocs\taskapp\app\Views\Tasks\form.php(4): CodeIgniter\Debug\Exceptions->errorHandler(8, 'Undefined varia...', 'C:\\xampp\\htdocs...', 4, Array)
#1 C:\xampp\htdocs\taskapp\system\View\View.php(214): include('C:\\xampp\\htdocs...')
#2 C:\xampp\htdocs\taskapp\system\View\View.php(217): CodeIgniter\View\View->CodeIgniter\View\{closure}()
#3 C:\xampp\htdocs\taskapp\system\View\View.php(432): CodeIgniter\View\View->render('Tasks/form', NULL, true)
#4 C:\xampp\htdocs\taskapp\app\Views\Tasks\new.php(25): CodeIgniter\View\View->include('Tasks/form')
#5 C:\xampp\htdocs\taskapp\system\View\View.php(214): include('C:\\xampp\\htdocs...')
#6 C:\xampp\htdocs\taskapp\system\View\View.php(217): CodeIgniter\View\View->CodeIgniter\View\{closure}()
#7 C:\xampp\htdocs\taskapp\system\Common.php(1097): CodeIgniter\View\View->render('Tasks/new', Array, true)
#8 C:\xampp\htdocs\taskapp\app\Controllers\Tasks.php(28): view('Tasks/new')
#9 C:\xampp\htdocs\taskapp\system\CodeIgniter.php(824): App\Controllers\Tasks->new()
#10 C:\xampp\htdocs\taskapp\system\CodeIgniter.php(410): CodeIgniter\CodeIgniter->runController(Object(App\Controllers\Tasks))
#11 C:\xampp\htdocs\taskapp\system\CodeIgniter.php(318): CodeIgniter\CodeIgniter->handleRequest(NULL, Object(Config\Cache), false)
#12 C:\xampp\htdocs\taskapp\public\index.php(37): CodeIgniter\CodeIgniter->run()
#13 {main}
CRITICAL - 2021-11-16 03:03:45 --> Undefined variable: task
#0 C:\xampp\htdocs\taskapp\app\Views\Tasks\form.php(4): CodeIgniter\Debug\Exceptions->errorHandler(8, 'Undefined varia...', 'C:\\xampp\\htdocs...', 4, Array)
#1 C:\xampp\htdocs\taskapp\system\View\View.php(214): include('C:\\xampp\\htdocs...')
#2 C:\xampp\htdocs\taskapp\system\View\View.php(217): CodeIgniter\View\View->CodeIgniter\View\{closure}()
#3 C:\xampp\htdocs\taskapp\system\View\View.php(432): CodeIgniter\View\View->render('Tasks/form', NULL, true)
#4 C:\xampp\htdocs\taskapp\app\Views\Tasks\new.php(25): CodeIgniter\View\View->include('Tasks/form')
#5 C:\xampp\htdocs\taskapp\system\View\View.php(214): include('C:\\xampp\\htdocs...')
#6 C:\xampp\htdocs\taskapp\system\View\View.php(217): CodeIgniter\View\View->CodeIgniter\View\{closure}()
#7 C:\xampp\htdocs\taskapp\system\Common.php(1097): CodeIgniter\View\View->render('Tasks/new', Array, true)
#8 C:\xampp\htdocs\taskapp\app\Controllers\Tasks.php(28): view('Tasks/new')
#9 C:\xampp\htdocs\taskapp\system\CodeIgniter.php(824): App\Controllers\Tasks->new()
#10 C:\xampp\htdocs\taskapp\system\CodeIgniter.php(410): CodeIgniter\CodeIgniter->runController(Object(App\Controllers\Tasks))
#11 C:\xampp\htdocs\taskapp\system\CodeIgniter.php(318): CodeIgniter\CodeIgniter->handleRequest(NULL, Object(Config\Cache), false)
#12 C:\xampp\htdocs\taskapp\public\index.php(37): CodeIgniter\CodeIgniter->run()
#13 {main}
CRITICAL - 2021-11-16 03:04:04 --> Undefined variable: d
#0 C:\xampp\htdocs\taskapp\app\Controllers\Tasks.php(73): CodeIgniter\Debug\Exceptions->errorHandler(8, 'Undefined varia...', 'C:\\xampp\\htdocs...', 73, Array)
#1 C:\xampp\htdocs\taskapp\system\CodeIgniter.php(824): App\Controllers\Tasks->update('1')
#2 C:\xampp\htdocs\taskapp\system\CodeIgniter.php(410): CodeIgniter\CodeIgniter->runController(Object(App\Controllers\Tasks))
#3 C:\xampp\htdocs\taskapp\system\CodeIgniter.php(318): CodeIgniter\CodeIgniter->handleRequest(NULL, Object(Config\Cache), false)
#4 C:\xampp\htdocs\taskapp\public\index.php(37): CodeIgniter\CodeIgniter->run()
#5 {main}
CRITICAL - 2021-11-16 03:33:21 --> Undefined variable: task
#0 C:\xampp\htdocs\taskapp\app\Views\Tasks\form.php(4): CodeIgniter\Debug\Exceptions->errorHandler(8, 'Undefined varia...', 'C:\\xampp\\htdocs...', 4, Array)
#1 C:\xampp\htdocs\taskapp\system\View\View.php(214): include('C:\\xampp\\htdocs...')
#2 C:\xampp\htdocs\taskapp\system\View\View.php(217): CodeIgniter\View\View->CodeIgniter\View\{closure}()
#3 C:\xampp\htdocs\taskapp\system\View\View.php(432): CodeIgniter\View\View->render('Tasks/form', NULL, true)
#4 C:\xampp\htdocs\taskapp\app\Views\Tasks\new.php(25): CodeIgniter\View\View->include('Tasks/form')
#5 C:\xampp\htdocs\taskapp\system\View\View.php(214): include('C:\\xampp\\htdocs...')
#6 C:\xampp\htdocs\taskapp\system\View\View.php(217): CodeIgniter\View\View->CodeIgniter\View\{closure}()
#7 C:\xampp\htdocs\taskapp\system\Common.php(1097): CodeIgniter\View\View->render('Tasks/new', Array, true)
#8 C:\xampp\htdocs\taskapp\app\Controllers\Tasks.php(28): view('Tasks/new')
#9 C:\xampp\htdocs\taskapp\system\CodeIgniter.php(824): App\Controllers\Tasks->new()
#10 C:\xampp\htdocs\taskapp\system\CodeIgniter.php(410): CodeIgniter\CodeIgniter->runController(Object(App\Controllers\Tasks))
#11 C:\xampp\htdocs\taskapp\system\CodeIgniter.php(318): CodeIgniter\CodeIgniter->handleRequest(NULL, Object(Config\Cache), false)
#12 C:\xampp\htdocs\taskapp\public\index.php(37): CodeIgniter\CodeIgniter->run()
#13 {main}
CRITICAL - 2021-11-16 03:59:00 --> Argument 2 passed to CodeIgniter\BaseModel::delete() must be of the type bool, array given, called in C:\xampp\htdocs\taskapp\app\Controllers\Tasks.php on line 92
#0 C:\xampp\htdocs\taskapp\app\Controllers\Tasks.php(92): CodeIgniter\BaseModel->delete('1', Array)
#1 C:\xampp\htdocs\taskapp\system\CodeIgniter.php(824): App\Controllers\Tasks->delete('1')
#2 C:\xampp\htdocs\taskapp\system\CodeIgniter.php(410): CodeIgniter\CodeIgniter->runController(Object(App\Controllers\Tasks))
#3 C:\xampp\htdocs\taskapp\system\CodeIgniter.php(318): CodeIgniter\CodeIgniter->handleRequest(NULL, Object(Config\Cache), false)
#4 C:\xampp\htdocs\taskapp\public\index.php(37): CodeIgniter\CodeIgniter->run()
#5 {main}
CRITICAL - 2021-11-16 04:44:17 --> Trying to get property 'id' of non-object
#0 C:\xampp\htdocs\taskapp\app\Views\Tasks\index.php(15): CodeIgniter\Debug\Exceptions->errorHandler(8, 'Trying to get p...', 'C:\\xampp\\htdocs...', 15, Array)
#1 C:\xampp\htdocs\taskapp\system\View\View.php(214): include('C:\\xampp\\htdocs...')
#2 C:\xampp\htdocs\taskapp\system\View\View.php(217): CodeIgniter\View\View->CodeIgniter\View\{closure}()
#3 C:\xampp\htdocs\taskapp\system\Common.php(1097): CodeIgniter\View\View->render('Tasks/index', Array, true)
#4 C:\xampp\htdocs\taskapp\app\Controllers\Tasks.php(12): view('Tasks/index', Array)
#5 C:\xampp\htdocs\taskapp\system\CodeIgniter.php(824): App\Controllers\Tasks->index()
#6 C:\xampp\htdocs\taskapp\system\CodeIgniter.php(410): CodeIgniter\CodeIgniter->runController(Object(App\Controllers\Tasks))
#7 C:\xampp\htdocs\taskapp\system\CodeIgniter.php(318): CodeIgniter\CodeIgniter->handleRequest(NULL, Object(Config\Cache), false)
#8 C:\xampp\htdocs\taskapp\public\index.php(37): CodeIgniter\CodeIgniter->run()
#9 {main}
CRITICAL - 2021-11-16 04:49:47 --> Class 'App\Entities\Task' not found
#0 [internal function]: CodeIgniter\Debug\Exceptions->shutdownHandler()
#1 {main}
CRITICAL - 2021-11-16 04:52:53 --> Class 'App\Entities\Task' not found
#0 [internal function]: CodeIgniter\Debug\Exceptions->shutdownHandler()
#1 {main}
CRITICAL - 2021-11-16 04:52:59 --> syntax error, unexpected '?>', expecting ')'
#0 C:\xampp\htdocs\taskapp\system\View\View.php(217): CodeIgniter\View\View->CodeIgniter\View\{closure}()
#1 C:\xampp\htdocs\taskapp\system\Common.php(1097): CodeIgniter\View\View->render('Tasks/index', Array, true)
#2 C:\xampp\htdocs\taskapp\app\Controllers\Tasks.php(12): view('Tasks/index', Array)
#3 C:\xampp\htdocs\taskapp\system\CodeIgniter.php(824): App\Controllers\Tasks->index()
#4 C:\xampp\htdocs\taskapp\system\CodeIgniter.php(410): CodeIgniter\CodeIgniter->runController(Object(App\Controllers\Tasks))
#5 C:\xampp\htdocs\taskapp\system\CodeIgniter.php(318): CodeIgniter\CodeIgniter->handleRequest(NULL, Object(Config\Cache), false)
#6 C:\xampp\htdocs\taskapp\public\index.php(37): CodeIgniter\CodeIgniter->run()
#7 {main}
CRITICAL - 2021-11-16 04:53:05 --> syntax error, unexpected '?>', expecting ')'
#0 C:\xampp\htdocs\taskapp\system\View\View.php(217): CodeIgniter\View\View->CodeIgniter\View\{closure}()
#1 C:\xampp\htdocs\taskapp\system\Common.php(1097): CodeIgniter\View\View->render('Tasks/index', Array, true)
#2 C:\xampp\htdocs\taskapp\app\Controllers\Tasks.php(12): view('Tasks/index', Array)
#3 C:\xampp\htdocs\taskapp\system\CodeIgniter.php(824): App\Controllers\Tasks->index()
#4 C:\xampp\htdocs\taskapp\system\CodeIgniter.php(410): CodeIgniter\CodeIgniter->runController(Object(App\Controllers\Tasks))
#5 C:\xampp\htdocs\taskapp\system\CodeIgniter.php(318): CodeIgniter\CodeIgniter->handleRequest(NULL, Object(Config\Cache), false)
#6 C:\xampp\htdocs\taskapp\public\index.php(37): CodeIgniter\CodeIgniter->run()
#7 {main}
CRITICAL - 2021-11-16 04:54:46 --> Class 'App\Entities\Task' not found
#0 [internal function]: CodeIgniter\Debug\Exceptions->shutdownHandler()
#1 {main}
CRITICAL - 2021-11-16 05:02:19 --> Undefined variable: id
#0 C:\xampp\htdocs\taskapp\app\Views\Tasks\index.php(15): CodeIgniter\Debug\Exceptions->errorHandler(8, 'Undefined varia...', 'C:\\xampp\\htdocs...', 15, Array)
#1 C:\xampp\htdocs\taskapp\system\View\View.php(214): include('C:\\xampp\\htdocs...')
#2 C:\xampp\htdocs\taskapp\system\View\View.php(217): CodeIgniter\View\View->CodeIgniter\View\{closure}()
#3 C:\xampp\htdocs\taskapp\system\Common.php(1097): CodeIgniter\View\View->render('Tasks/index', Array, true)
#4 C:\xampp\htdocs\taskapp\app\Controllers\Tasks.php(12): view('Tasks/index', Array)
#5 C:\xampp\htdocs\taskapp\system\CodeIgniter.php(824): App\Controllers\Tasks->index()
#6 C:\xampp\htdocs\taskapp\system\CodeIgniter.php(410): CodeIgniter\CodeIgniter->runController(Object(App\Controllers\Tasks))
#7 C:\xampp\htdocs\taskapp\system\CodeIgniter.php(318): CodeIgniter\CodeIgniter->handleRequest(NULL, Object(Config\Cache), false)
#8 C:\xampp\htdocs\taskapp\public\index.php(37): CodeIgniter\CodeIgniter->run()
#9 {main}
CRITICAL - 2021-11-16 05:05:40 --> Cannot use object of type App\Entities\Task as array
#0 C:\xampp\htdocs\taskapp\system\View\View.php(214): include()
#1 C:\xampp\htdocs\taskapp\system\View\View.php(217): CodeIgniter\View\View->CodeIgniter\View\{closure}()
#2 C:\xampp\htdocs\taskapp\system\Common.php(1097): CodeIgniter\View\View->render('Tasks/show', Array, true)
#3 C:\xampp\htdocs\taskapp\app\Controllers\Tasks.php(22): view('Tasks/show', Array)
#4 C:\xampp\htdocs\taskapp\system\CodeIgniter.php(824): App\Controllers\Tasks->show('1')
#5 C:\xampp\htdocs\taskapp\system\CodeIgniter.php(410): CodeIgniter\CodeIgniter->runController(Object(App\Controllers\Tasks))
#6 C:\xampp\htdocs\taskapp\system\CodeIgniter.php(318): CodeIgniter\CodeIgniter->handleRequest(NULL, Object(Config\Cache), false)
#7 C:\xampp\htdocs\taskapp\public\index.php(37): CodeIgniter\CodeIgniter->run()
#8 {main}
CRITICAL - 2021-11-16 05:07:38 --> Use of undefined constant at - assumed 'at' (this will throw an Error in a future version of PHP)
#0 C:\xampp\htdocs\taskapp\app\Views\Tasks\show.php(19): CodeIgniter\Debug\Exceptions->errorHandler(2, 'Use of undefine...', 'C:\\xampp\\htdocs...', 19, Array)
#1 C:\xampp\htdocs\taskapp\system\View\View.php(214): include('C:\\xampp\\htdocs...')
#2 C:\xampp\htdocs\taskapp\system\View\View.php(217): CodeIgniter\View\View->CodeIgniter\View\{closure}()
#3 C:\xampp\htdocs\taskapp\system\Common.php(1097): CodeIgniter\View\View->render('Tasks/show', Array, true)
#4 C:\xampp\htdocs\taskapp\app\Controllers\Tasks.php(22): view('Tasks/show', Array)
#5 C:\xampp\htdocs\taskapp\system\CodeIgniter.php(824): App\Controllers\Tasks->show('1')
#6 C:\xampp\htdocs\taskapp\system\CodeIgniter.php(410): CodeIgniter\CodeIgniter->runController(Object(App\Controllers\Tasks))
#7 C:\xampp\htdocs\taskapp\system\CodeIgniter.php(318): CodeIgniter\CodeIgniter->handleRequest(NULL, Object(Config\Cache), false)
#8 C:\xampp\htdocs\taskapp\public\index.php(37): CodeIgniter\CodeIgniter->run()
#9 {main}
CRITICAL - 2021-11-16 05:08:00 --> Cannot use object of type App\Entities\Task as array
#0 C:\xampp\htdocs\taskapp\system\View\View.php(214): include()
#1 C:\xampp\htdocs\taskapp\system\View\View.php(217): CodeIgniter\View\View->CodeIgniter\View\{closure}()
#2 C:\xampp\htdocs\taskapp\system\Common.php(1097): CodeIgniter\View\View->render('Tasks/show', Array, true)
#3 C:\xampp\htdocs\taskapp\app\Controllers\Tasks.php(22): view('Tasks/show', Array)
#4 C:\xampp\htdocs\taskapp\system\CodeIgniter.php(824): App\Controllers\Tasks->show('1')
#5 C:\xampp\htdocs\taskapp\system\CodeIgniter.php(410): CodeIgniter\CodeIgniter->runController(Object(App\Controllers\Tasks))
#6 C:\xampp\htdocs\taskapp\system\CodeIgniter.php(318): CodeIgniter\CodeIgniter->handleRequest(NULL, Object(Config\Cache), false)
#7 C:\xampp\htdocs\taskapp\public\index.php(37): CodeIgniter\CodeIgniter->run()
#8 {main}
CRITICAL - 2021-11-16 05:10:17 --> Cannot use object of type App\Entities\Task as array
#0 C:\xampp\htdocs\taskapp\system\View\View.php(214): include()
#1 C:\xampp\htdocs\taskapp\system\View\View.php(217): CodeIgniter\View\View->CodeIgniter\View\{closure}()
#2 C:\xampp\htdocs\taskapp\system\Common.php(1097): CodeIgniter\View\View->render('Tasks/show', Array, true)
#3 C:\xampp\htdocs\taskapp\app\Controllers\Tasks.php(22): view('Tasks/show', Array)
#4 C:\xampp\htdocs\taskapp\system\CodeIgniter.php(824): App\Controllers\Tasks->show('1')
#5 C:\xampp\htdocs\taskapp\system\CodeIgniter.php(410): CodeIgniter\CodeIgniter->runController(Object(App\Controllers\Tasks))
#6 C:\xampp\htdocs\taskapp\system\CodeIgniter.php(318): CodeIgniter\CodeIgniter->handleRequest(NULL, Object(Config\Cache), false)
#7 C:\xampp\htdocs\taskapp\public\index.php(37): CodeIgniter\CodeIgniter->run()
#8 {main}
CRITICAL - 2021-11-16 05:10:59 --> Cannot use object of type App\Entities\Task as array
#0 C:\xampp\htdocs\taskapp\system\View\View.php(214): include()
#1 C:\xampp\htdocs\taskapp\system\View\View.php(217): CodeIgniter\View\View->CodeIgniter\View\{closure}()
#2 C:\xampp\htdocs\taskapp\system\Common.php(1097): CodeIgniter\View\View->render('Tasks/show', Array, true)
#3 C:\xampp\htdocs\taskapp\app\Controllers\Tasks.php(22): view('Tasks/show', Array)
#4 C:\xampp\htdocs\taskapp\system\CodeIgniter.php(824): App\Controllers\Tasks->show('3')
#5 C:\xampp\htdocs\taskapp\system\CodeIgniter.php(410): CodeIgniter\CodeIgniter->runController(Object(App\Controllers\Tasks))
#6 C:\xampp\htdocs\taskapp\system\CodeIgniter.php(318): CodeIgniter\CodeIgniter->handleRequest(NULL, Object(Config\Cache), false)
#7 C:\xampp\htdocs\taskapp\public\index.php(37): CodeIgniter\CodeIgniter->run()
#8 {main}
CRITICAL - 2021-11-16 07:26:20 --> Cannot use object of type App\Entities\Task as array
#0 C:\xampp\htdocs\taskapp\system\View\View.php(214): include()
#1 C:\xampp\htdocs\taskapp\system\View\View.php(217): CodeIgniter\View\View->CodeIgniter\View\{closure}()
#2 C:\xampp\htdocs\taskapp\system\Common.php(1097): CodeIgniter\View\View->render('Tasks/show', Array, true)
#3 C:\xampp\htdocs\taskapp\app\Controllers\Tasks.php(22): view('Tasks/show', Array)
#4 C:\xampp\htdocs\taskapp\system\CodeIgniter.php(824): App\Controllers\Tasks->show('3')
#5 C:\xampp\htdocs\taskapp\system\CodeIgniter.php(410): CodeIgniter\CodeIgniter->runController(Object(App\Controllers\Tasks))
#6 C:\xampp\htdocs\taskapp\system\CodeIgniter.php(318): CodeIgniter\CodeIgniter->handleRequest(NULL, Object(Config\Cache), false)
#7 C:\xampp\htdocs\taskapp\public\index.php(37): CodeIgniter\CodeIgniter->run()
#8 {main}
CRITICAL - 2021-11-16 07:42:44 --> Cannot use object of type App\Entities\Task as array
#0 C:\xampp\htdocs\taskapp\system\View\View.php(214): include()
#1 C:\xampp\htdocs\taskapp\system\View\View.php(217): CodeIgniter\View\View->CodeIgniter\View\{closure}()
#2 C:\xampp\htdocs\taskapp\system\Common.php(1097): CodeIgniter\View\View->render('Tasks/show', Array, true)
#3 C:\xampp\htdocs\taskapp\app\Controllers\Tasks.php(22): view('Tasks/show', Array)
#4 C:\xampp\htdocs\taskapp\system\CodeIgniter.php(824): App\Controllers\Tasks->show('1')
#5 C:\xampp\htdocs\taskapp\system\CodeIgniter.php(410): CodeIgniter\CodeIgniter->runController(Object(App\Controllers\Tasks))
#6 C:\xampp\htdocs\taskapp\system\CodeIgniter.php(318): CodeIgniter\CodeIgniter->handleRequest(NULL, Object(Config\Cache), false)
#7 C:\xampp\htdocs\taskapp\public\index.php(37): CodeIgniter\CodeIgniter->run()
#8 {main}
CRITICAL - 2021-11-16 07:43:02 --> Cannot use object of type App\Entities\Task as array
#0 C:\xampp\htdocs\taskapp\system\View\View.php(214): include()
#1 C:\xampp\htdocs\taskapp\system\View\View.php(217): CodeIgniter\View\View->CodeIgniter\View\{closure}()
#2 C:\xampp\htdocs\taskapp\system\Common.php(1097): CodeIgniter\View\View->render('Tasks/show', Array, true)
#3 C:\xampp\htdocs\taskapp\app\Controllers\Tasks.php(22): view('Tasks/show', Array)
#4 C:\xampp\htdocs\taskapp\system\CodeIgniter.php(824): App\Controllers\Tasks->show('1')
#5 C:\xampp\htdocs\taskapp\system\CodeIgniter.php(410): CodeIgniter\CodeIgniter->runController(Object(App\Controllers\Tasks))
#6 C:\xampp\htdocs\taskapp\system\CodeIgniter.php(318): CodeIgniter\CodeIgniter->handleRequest(NULL, Object(Config\Cache), false)
#7 C:\xampp\htdocs\taskapp\public\index.php(37): CodeIgniter\CodeIgniter->run()
#8 {main}
CRITICAL - 2021-11-16 07:47:09 --> Cannot use object of type App\Entities\Task as array
#0 C:\xampp\htdocs\taskapp\system\View\View.php(214): include()
#1 C:\xampp\htdocs\taskapp\system\View\View.php(217): CodeIgniter\View\View->CodeIgniter\View\{closure}()
#2 C:\xampp\htdocs\taskapp\system\Common.php(1097): CodeIgniter\View\View->render('Tasks/show', Array, true)
#3 C:\xampp\htdocs\taskapp\app\Controllers\Tasks.php(22): view('Tasks/show', Array)
#4 C:\xampp\htdocs\taskapp\system\CodeIgniter.php(824): App\Controllers\Tasks->show('1')
#5 C:\xampp\htdocs\taskapp\system\CodeIgniter.php(410): CodeIgniter\CodeIgniter->runController(Object(App\Controllers\Tasks))
#6 C:\xampp\htdocs\taskapp\system\CodeIgniter.php(318): CodeIgniter\CodeIgniter->handleRequest(NULL, Object(Config\Cache), false)
#7 C:\xampp\htdocs\taskapp\public\index.php(37): CodeIgniter\CodeIgniter->run()
#8 {main}
CRITICAL - 2021-11-16 13:03:26 --> Cannot use object of type App\Entities\Task as array
#0 C:\xampp\htdocs\taskapp\system\View\View.php(214): include()
#1 C:\xampp\htdocs\taskapp\system\View\View.php(217): CodeIgniter\View\View->CodeIgniter\View\{closure}()
#2 C:\xampp\htdocs\taskapp\system\Common.php(1097): CodeIgniter\View\View->render('Tasks/edit', Array, true)
#3 C:\xampp\htdocs\taskapp\app\Controllers\Tasks.php(61): view('Tasks/edit', Array)
#4 C:\xampp\htdocs\taskapp\system\CodeIgniter.php(824): App\Controllers\Tasks->edit('1')
#5 C:\xampp\htdocs\taskapp\system\CodeIgniter.php(410): CodeIgniter\CodeIgniter->runController(Object(App\Controllers\Tasks))
#6 C:\xampp\htdocs\taskapp\system\CodeIgniter.php(318): CodeIgniter\CodeIgniter->handleRequest(NULL, Object(Config\Cache), false)
#7 C:\xampp\htdocs\taskapp\public\index.php(37): CodeIgniter\CodeIgniter->run()
#8 {main}
CRITICAL - 2021-11-16 13:04:29 --> Cannot use object of type App\Entities\Task as array
#0 C:\xampp\htdocs\taskapp\system\View\View.php(214): include()
#1 C:\xampp\htdocs\taskapp\system\View\View.php(217): CodeIgniter\View\View->CodeIgniter\View\{closure}()
#2 C:\xampp\htdocs\taskapp\system\View\View.php(432): CodeIgniter\View\View->render('Tasks/form', NULL, true)
#3 C:\xampp\htdocs\taskapp\app\Views\Tasks\edit.php(25): CodeIgniter\View\View->include('Tasks/form')
#4 C:\xampp\htdocs\taskapp\system\View\View.php(214): include('C:\\xampp\\htdocs...')
#5 C:\xampp\htdocs\taskapp\system\View\View.php(217): CodeIgniter\View\View->CodeIgniter\View\{closure}()
#6 C:\xampp\htdocs\taskapp\system\Common.php(1097): CodeIgniter\View\View->render('Tasks/edit', Array, true)
#7 C:\xampp\htdocs\taskapp\app\Controllers\Tasks.php(61): view('Tasks/edit', Array)
#8 C:\xampp\htdocs\taskapp\system\CodeIgniter.php(824): App\Controllers\Tasks->edit('1')
#9 C:\xampp\htdocs\taskapp\system\CodeIgniter.php(410): CodeIgniter\CodeIgniter->runController(Object(App\Controllers\Tasks))
#10 C:\xampp\htdocs\taskapp\system\CodeIgniter.php(318): CodeIgniter\CodeIgniter->handleRequest(NULL, Object(Config\Cache), false)
#11 C:\xampp\htdocs\taskapp\public\index.php(37): CodeIgniter\CodeIgniter->run()
#12 {main}
CRITICAL - 2021-11-16 13:18:22 --> Trying to get property 'description' of non-object
#0 C:\xampp\htdocs\taskapp\app\Views\Tasks\form.php(4): CodeIgniter\Debug\Exceptions->errorHandler(8, 'Trying to get p...', 'C:\\xampp\\htdocs...', 4, Array)
#1 C:\xampp\htdocs\taskapp\system\View\View.php(214): include('C:\\xampp\\htdocs...')
#2 C:\xampp\htdocs\taskapp\system\View\View.php(217): CodeIgniter\View\View->CodeIgniter\View\{closure}()
#3 C:\xampp\htdocs\taskapp\system\View\View.php(432): CodeIgniter\View\View->render('Tasks/form', NULL, true)
#4 C:\xampp\htdocs\taskapp\app\Views\Tasks\new.php(25): CodeIgniter\View\View->include('Tasks/form')
#5 C:\xampp\htdocs\taskapp\system\View\View.php(214): include('C:\\xampp\\htdocs...')
#6 C:\xampp\htdocs\taskapp\system\View\View.php(217): CodeIgniter\View\View->CodeIgniter\View\{closure}()
#7 C:\xampp\htdocs\taskapp\system\Common.php(1097): CodeIgniter\View\View->render('Tasks/new', Array, true)
#8 C:\xampp\htdocs\taskapp\app\Controllers\Tasks.php(29): view('Tasks/new', Array)
#9 C:\xampp\htdocs\taskapp\system\CodeIgniter.php(824): App\Controllers\Tasks->new()
#10 C:\xampp\htdocs\taskapp\system\CodeIgniter.php(410): CodeIgniter\CodeIgniter->runController(Object(App\Controllers\Tasks))
#11 C:\xampp\htdocs\taskapp\system\CodeIgniter.php(318): CodeIgniter\CodeIgniter->handleRequest(NULL, Object(Config\Cache), false)
#12 C:\xampp\htdocs\taskapp\public\index.php(37): CodeIgniter\CodeIgniter->run()
#13 {main}
CRITICAL - 2021-11-16 14:32:11 --> Class 'App\Controllers\App\Models\TaskModel' not found
#0 C:\xampp\htdocs\taskapp\system\CodeIgniter.php(824): App\Controllers\Tasks->create()
#1 C:\xampp\htdocs\taskapp\system\CodeIgniter.php(410): CodeIgniter\CodeIgniter->runController(Object(App\Controllers\Tasks))
#2 C:\xampp\htdocs\taskapp\system\CodeIgniter.php(318): CodeIgniter\CodeIgniter->handleRequest(NULL, Object(Config\Cache), false)
#3 C:\xampp\htdocs\taskapp\public\index.php(37): CodeIgniter\CodeIgniter->run()
#4 {main}
CRITICAL - 2021-11-16 14:40:12 --> Too few arguments to function App\Controllers\Tasks::show(), 0 passed in C:\xampp\htdocs\taskapp\system\CodeIgniter.php on line 824 and exactly 1 expected
#0 C:\xampp\htdocs\taskapp\system\CodeIgniter.php(824): App\Controllers\Tasks->show()
#1 C:\xampp\htdocs\taskapp\system\CodeIgniter.php(410): CodeIgniter\CodeIgniter->runController(Object(App\Controllers\Tasks))
#2 C:\xampp\htdocs\taskapp\system\CodeIgniter.php(318): CodeIgniter\CodeIgniter->handleRequest(NULL, Object(Config\Cache), false)
#3 C:\xampp\htdocs\taskapp\public\index.php(37): CodeIgniter\CodeIgniter->run()
#4 {main}
CRITICAL - 2021-11-16 14:51:17 --> Too few arguments to function App\Controllers\Tasks::show(), 0 passed in C:\xampp\htdocs\taskapp\system\CodeIgniter.php on line 824 and exactly 1 expected
#0 C:\xampp\htdocs\taskapp\system\CodeIgniter.php(824): App\Controllers\Tasks->show()
#1 C:\xampp\htdocs\taskapp\system\CodeIgniter.php(410): CodeIgniter\CodeIgniter->runController(Object(App\Controllers\Tasks))
#2 C:\xampp\htdocs\taskapp\system\CodeIgniter.php(318): CodeIgniter\CodeIgniter->handleRequest(NULL, Object(Config\Cache), false)
#3 C:\xampp\htdocs\taskapp\public\index.php(37): CodeIgniter\CodeIgniter->run()
#4 {main}
CRITICAL - 2021-11-16 14:51:45 --> Too few arguments to function App\Controllers\Tasks::show(), 0 passed in C:\xampp\htdocs\taskapp\system\CodeIgniter.php on line 824 and exactly 1 expected
#0 C:\xampp\htdocs\taskapp\system\CodeIgniter.php(824): App\Controllers\Tasks->show()
#1 C:\xampp\htdocs\taskapp\system\CodeIgniter.php(410): CodeIgniter\CodeIgniter->runController(Object(App\Controllers\Tasks))
#2 C:\xampp\htdocs\taskapp\system\CodeIgniter.php(318): CodeIgniter\CodeIgniter->handleRequest(NULL, Object(Config\Cache), false)
#3 C:\xampp\htdocs\taskapp\public\index.php(37): CodeIgniter\CodeIgniter->run()
#4 {main}
CRITICAL - 2021-11-16 22:32:42 --> Too few arguments to function App\Controllers\Tasks::show(), 0 passed in C:\xampp\htdocs\taskapp\system\CodeIgniter.php on line 824 and exactly 1 expected
#0 C:\xampp\htdocs\taskapp\system\CodeIgniter.php(824): App\Controllers\Tasks->show()
#1 C:\xampp\htdocs\taskapp\system\CodeIgniter.php(410): CodeIgniter\CodeIgniter->runController(Object(App\Controllers\Tasks))
#2 C:\xampp\htdocs\taskapp\system\CodeIgniter.php(318): CodeIgniter\CodeIgniter->handleRequest(NULL, Object(Config\Cache), false)
#3 C:\xampp\htdocs\taskapp\public\index.php(37): CodeIgniter\CodeIgniter->run()
#4 {main}
CRITICAL - 2021-11-16 22:51:17 --> Too few arguments to function App\Controllers\Tasks::show(), 0 passed in C:\xampp\htdocs\taskapp\system\CodeIgniter.php on line 824 and exactly 1 expected
#0 C:\xampp\htdocs\taskapp\system\CodeIgniter.php(824): App\Controllers\Tasks->show()
#1 C:\xampp\htdocs\taskapp\system\CodeIgniter.php(410): CodeIgniter\CodeIgniter->runController(Object(App\Controllers\Tasks))
#2 C:\xampp\htdocs\taskapp\system\CodeIgniter.php(318): CodeIgniter\CodeIgniter->handleRequest(NULL, Object(Config\Cache), false)
#3 C:\xampp\htdocs\taskapp\public\index.php(37): CodeIgniter\CodeIgniter->run()
#4 {main}
